This is pdfTeX, Version 3.1415926-1.40.10 (TeX Live 2009/Debian) (format=pdflatex 2011.6.26)  27 SEP 2011 16:33
entering extended mode
 %&-line parsing enabled.
**/home/mike/src/freecol-svn/freecol/tags/0.10.3/doc/FreeCol.tex
(/home/mike/src/freecol-svn/freecol/tags/0.10.3/doc/FreeCol.tex
LaTeX2e <2009/09/24>
Babel <v3.8l> and hyphenation patterns for english, usenglishmax, dumylang, noh
yphenation, croatian, bulgarian, ukrainian, russian, czech, slovak, danish, dut
ch, finnish, french, basque, ngerman, german, german-x-2009-06-19, ngerman-x-20
09-06-19, ibycus, monogreek, greek, ancientgreek, hungarian, italian, latin, mo
ngolian2a, mongolian, bokmal, nynorsk, romanian, irish, coptic, serbian, turkis
h, welsh, esperanto, uppersorbian, estonian, indonesian, interlingua, icelandic
, kurmanji, slovenian, polish, portuguese, spanish, galician, catalan, swedish,
 loaded.
(/usr/share/texmf-texlive/tex/latex/base/book.cls
Document Class: book 2007/10/19 v1.4h Standard LaTeX document class
(/usr/share/texmf-texlive/tex/latex/base/bk12.clo
File: bk12.clo 2007/10/19 v1.4h Standard LaTeX file (size option)
)
\c@part=\count79
\c@chapter=\count80
\c@section=\count81
\c@subsection=\count82
\c@subsubsection=\count83
\c@paragraph=\count84
\c@subparagraph=\count85
\c@figure=\count86
\c@table=\count87
\abovecaptionskip=\skip41
\belowcaptionskip=\skip42
\bibindent=\dimen102
)
(/usr/share/texmf-texlive/tex/latex/base/fontenc.sty
Package: fontenc 2005/09/27 v1.99g Standard LaTeX package

(/usr/share/texmf-texlive/tex/latex/base/t1enc.def
File: t1enc.def 2005/09/27 v1.99g Standard LaTeX file
LaTeX Font Info:    Redeclaring font encoding T1 on input line 43.
))
(/usr/share/texmf-texlive/tex/latex/tools/longtable.sty
Package: longtable 2004/02/01 v4.11 Multi-page Table package (DPC)
\LTleft=\skip43
\LTright=\skip44
\LTpre=\skip45
\LTpost=\skip46
\LTchunksize=\count88
\LTcapwidth=\dimen103
\LT@head=\box26
\LT@firsthead=\box27
\LT@foot=\box28
\LT@lastfoot=\box29
\LT@cols=\count89
\LT@rows=\count90
\c@LT@tables=\count91
\c@LT@chunks=\count92
\LT@p@ftn=\toks14
)
(/usr/share/texmf-texlive/tex/latex/graphics/graphicx.sty
Package: graphicx 1999/02/16 v1.0f Enhanced LaTeX Graphics (DPC,SPQR)

(/usr/share/texmf-texlive/tex/latex/graphics/keyval.sty
Package: keyval 1999/03/16 v1.13 key=value parser (DPC)
\KV@toks@=\toks15
)
(/usr/share/texmf-texlive/tex/latex/graphics/graphics.sty
Package: graphics 2009/02/05 v1.0o Standard LaTeX Graphics (DPC,SPQR)

(/usr/share/texmf-texlive/tex/latex/graphics/trig.sty
Package: trig 1999/03/16 v1.09 sin cos tan (DPC)
)
(/etc/texmf/tex/latex/config/graphics.cfg
File: graphics.cfg 2009/08/28 v1.8 graphics configuration of TeX Live
)
Package graphics Info: Driver file: pdftex.def on input line 91.

(/usr/share/texmf-texlive/tex/latex/pdftex-def/pdftex.def
File: pdftex.def 2010/03/12 v0.04p Graphics/color for pdfTeX
\Gread@gobject=\count93
))
\Gin@req@height=\dimen104
\Gin@req@width=\dimen105
)
(/usr/share/texmf-texlive/tex/latex/index/index.sty
Package: index 2004/01/20 v4.2beta Improved index support (dmj)
\@indexbox=\insert233
\indexproofstyle=\toks16
)
(/usr/share/texmf-texlive/tex/latex/hyperref/hyperref.sty
Package: hyperref 2009/10/09 v6.79a Hypertext links for LaTeX

(/usr/share/texmf-texlive/tex/generic/oberdiek/ifpdf.sty
Package: ifpdf 2009/04/10 v2.0 Provides the ifpdf switch (HO)
Package ifpdf Info: pdfTeX in pdf mode detected.
)
(/usr/share/texmf-texlive/tex/generic/oberdiek/ifvtex.sty
Package: ifvtex 2008/11/04 v1.4 Switches for detecting VTeX and its modes (HO)
Package ifvtex Info: VTeX not detected.
)
(/usr/share/texmf-texlive/tex/generic/ifxetex/ifxetex.sty
Package: ifxetex 2009/01/23 v0.5 Provides ifxetex conditional
)
(/usr/share/texmf-texlive/tex/latex/oberdiek/hycolor.sty
Package: hycolor 2009/10/02 v1.5 Code for color options of hyperref/bookmark (H
O)

(/usr/share/texmf-texlive/tex/latex/oberdiek/xcolor-patch.sty
Package: xcolor-patch 2009/10/02 xcolor patch
))
\@linkdim=\dimen106
\Hy@linkcounter=\count94
\Hy@pagecounter=\count95

(/usr/share/texmf-texlive/tex/latex/hyperref/pd1enc.def
File: pd1enc.def 2009/10/09 v6.79a Hyperref: PDFDocEncoding definition (HO)
)
(/usr/share/texmf-texlive/tex/generic/oberdiek/etexcmds.sty
Package: etexcmds 2007/12/12 v1.2 Prefix for e-TeX command names (HO)

(/usr/share/texmf-texlive/tex/generic/oberdiek/infwarerr.sty
Package: infwarerr 2007/09/09 v1.2 Providing info/warning/message (HO)
)
Package etexcmds Info: Could not find \expanded.
(etexcmds)             That can mean that you are not using pdfTeX 1.50 or
(etexcmds)             that some package has redefined \expanded.
(etexcmds)             In the latter case, load this package earlier.
)
(/etc/texmf/tex/latex/config/hyperref.cfg
File: hyperref.cfg 2002/06/06 v1.2 hyperref configuration of TeXLive
)
(/usr/share/texmf-texlive/tex/latex/oberdiek/kvoptions.sty
Package: kvoptions 2009/08/13 v3.4 Keyval support for LaTeX options (HO)

(/usr/share/texmf-texlive/tex/generic/oberdiek/kvsetkeys.sty
Package: kvsetkeys 2009/07/30 v1.5 Key value parser with default handler suppor
t (HO)
))
Package hyperref Info: Option `colorlinks' set `true' on input line 2864.
Package hyperref Info: Option `hyperindex' set `true' on input line 2864.
Package hyperref Info: Hyper figures OFF on input line 2975.
Package hyperref Info: Link nesting OFF on input line 2980.
Package hyperref Info: Hyper index ON on input line 2983.
Package hyperref Info: Plain pages OFF on input line 2990.
Package hyperref Info: Backreferencing OFF on input line 2995.

Implicit mode ON; LaTeX internals redefined
Package hyperref Info: Bookmarks ON on input line 3191.
(/usr/share/texmf-texlive/tex/latex/ltxmisc/url.sty
\Urlmuskip=\muskip10
Package: url 2006/04/12  ver 3.3  Verb mode for urls, etc.
)
LaTeX Info: Redefining \url on input line 3428.

(/usr/share/texmf-texlive/tex/generic/oberdiek/bitset.sty
Package: bitset 2007/09/28 v1.0 Data type bit set (HO)

(/usr/share/texmf-texlive/tex/generic/oberdiek/intcalc.sty
Package: intcalc 2007/09/27 v1.1 Expandable integer calculations (HO)
)
(/usr/share/texmf-texlive/tex/generic/oberdiek/bigintcalc.sty
Package: bigintcalc 2007/11/11 v1.1 Expandable big integer calculations (HO)

(/usr/share/texmf-texlive/tex/generic/oberdiek/pdftexcmds.sty
Package: pdftexcmds 2009/09/23 v0.6 LuaTeX support for pdfTeX utility functions
 (HO)

(/usr/share/texmf-texlive/tex/generic/oberdiek/ifluatex.sty
Package: ifluatex 2009/04/17 v1.2 Provides the ifluatex switch (HO)
Package ifluatex Info: LuaTeX not detected.
)
(/usr/share/texmf-texlive/tex/generic/oberdiek/ltxcmds.sty
Package: ltxcmds 2009/08/05 v1.0 Some LaTeX kernel commands for general use (HO
)
)
Package pdftexcmds Info: LuaTeX not detected.
Package pdftexcmds Info: \pdf@primitive is available.
Package pdftexcmds Info: \pdf@ifprimitive is available.
)))
\Fld@menulength=\count96
\Field@Width=\dimen107
\Fld@charsize=\dimen108
\Field@toks=\toks17
Package hyperref Info: Hyper figures OFF on input line 4377.
Package hyperref Info: Link nesting OFF on input line 4382.
Package hyperref Info: Hyper index ON on input line 4385.
Package hyperref Info: backreferencing OFF on input line 4392.
Package hyperref Info: Link coloring ON on input line 4395.
Package hyperref Info: Link coloring with OCG OFF on input line 4402.
Package hyperref Info: PDF/A mode OFF on input line 4407.

(/usr/share/texmf-texlive/tex/generic/oberdiek/atbegshi.sty
Package: atbegshi 2008/07/31 v1.9 At begin shipout hook (HO)
)
\Hy@abspage=\count97
\c@Item=\count98
\c@Hfootnote=\count99
)
*hyperref using default driver hpdftex*
(/usr/share/texmf-texlive/tex/latex/hyperref/hpdftex.def
File: hpdftex.def 2009/10/09 v6.79a Hyperref driver for pdfTeX
\Fld@listcount=\count100
)
\idxtitle@default=\toks18
\tf@default=\write3
\openout3 = `FreeCol.idx'.

Package index Info: Writing index file FreeCol.idx on input line 23.
 (./FreeCol.aux)
\openout1 = `FreeCol.aux'.

LaTeX Font Info:    Checking defaults for OML/cmm/m/it on input line 25.
LaTeX Font Info:    ... okay on input line 25.
LaTeX Font Info:    Checking defaults for T1/cmr/m/n on input line 25.
LaTeX Font Info:    ... okay on input line 25.
LaTeX Font Info:    Checking defaults for OT1/cmr/m/n on input line 25.
LaTeX Font Info:    ... okay on input line 25.
LaTeX Font Info:    Checking defaults for OMS/cmsy/m/n on input line 25.
LaTeX Font Info:    ... okay on input line 25.
LaTeX Font Info:    Checking defaults for OMX/cmex/m/n on input line 25.
LaTeX Font Info:    ... okay on input line 25.
LaTeX Font Info:    Checking defaults for U/cmr/m/n on input line 25.
LaTeX Font Info:    ... okay on input line 25.
LaTeX Font Info:    Checking defaults for PD1/pdf/m/n on input line 25.
LaTeX Font Info:    ... okay on input line 25.

(/usr/share/texmf-texlive/tex/context/base/supp-pdf.mkii
[Loading MPS to PDF converter (version 2006.09.02).]
\scratchcounter=\count101
\scratchdimen=\dimen109
\scratchbox=\box30
\nofMPsegments=\count102
\nofMParguments=\count103
\everyMPshowfont=\toks19
\MPscratchCnt=\count104
\MPscratchDim=\dimen110
\MPnumerator=\count105
\everyMPtoPDFconversion=\toks20
) (/usr/share/texmf-texlive/tex/latex/graphics/color.sty
Package: color 2005/11/14 v1.0j Standard LaTeX Color (DPC)

(/etc/texmf/tex/latex/config/color.cfg
File: color.cfg 2007/01/18 v1.5 color configuration of teTeX/TeXLive
)
Package color Info: Driver file: pdftex.def on input line 130.
)
Package hyperref Info: Link coloring ON on input line 25.

(/usr/share/texmf-texlive/tex/latex/hyperref/nameref.sty
Package: nameref 2007/05/29 v2.31 Cross-referencing by name of section

(/usr/share/texmf-texlive/tex/latex/oberdiek/refcount.sty
Package: refcount 2008/08/11 v3.1 Data extraction from references (HO)
)
\c@section@level=\count106
)
LaTeX Info: Redefining \ref on input line 25.
LaTeX Info: Redefining \pageref on input line 25.
 (./FreeCol.out)
(./FreeCol.out)
\@outlinefile=\write4
\openout4 = `FreeCol.out'.

\AtBeginShipoutBox=\box31
LaTeX Font Info:    External font `cmex10' loaded for size
(Font)              <14.4> on input line 28.
LaTeX Font Info:    External font `cmex10' loaded for size
(Font)              <7> on input line 28.
 [1


{/var/lib/texmf/fonts/map/pdftex/updmap/pdftex.map}] [2

]
(./FreeCol.toc
LaTeX Font Info:    External font `cmex10' loaded for size
(Font)              <12> on input line 2.
LaTeX Font Info:    External font `cmex10' loaded for size
(Font)              <8> on input line 2.
LaTeX Font Info:    External font `cmex10' loaded for size
(Font)              <6> on input line 2.
 [3] [4])
\tf@toc=\write5
\openout5 = `FreeCol.toc'.

 [5] [6

]
Chapter 1.
<images/wikipedia.png, id=387, 16.06pt x 16.06pt>
File: images/wikipedia.png Graphic file (type png)
 <use images/wikipedia.png>
[7 <./images/wikipedia.png>]
Underfull \vbox (badness 10000) has occurred while \output is active []

 [8]
LaTeX Font Info:    Try loading font information for OMS+cmr on input line 144.


(/usr/share/texmf-texlive/tex/latex/base/omscmr.fd
File: omscmr.fd 1999/05/25 v2.5h Standard LaTeX font definitions
)
LaTeX Font Info:    Font shape `OMS/cmr/m/n' in size <12> not available
(Font)              Font shape `OMS/cmsy/m/n' tried instead on input line 144.
 [9] [10] [11] [12

]
Chapter 2.

Overfull \hbox (4.5994pt too wide) in paragraph at lines 234--239
\T1/cmr/m/n/12 You can down-load a sys-tem in-de-pen-dent in-staller, which sho
uld in-stall FreeCol
 []

[13]
LaTeX Font Info:    Try loading font information for T1+cmtt on input line 276.

 (/usr/share/texmf-texlive/tex/latex/base/t1cmtt.fd
File: t1cmtt.fd 1999/05/25 v2.5h Standard LaTeX font definitions
) [14]
Chapter 3.
[15

]
Overfull \hbox (1.7196pt too wide) in paragraph at lines 336--339
[][]\T1/cmtt/m/n/12 --freecol-data DIR \T1/cmr/m/n/12 Spec-ify the di-rec-tory 
that con-tains FreeCol's data
 []

[16] [17]
Overfull \hbox (2.87624pt too wide) in paragraph at lines 445--451
[]\T1/cmr/m/n/12 The orig-i-nal game only in-cluded four Eu-ro-pean na-tions, n
amely the Dutch,
 []

[18] [19] [20] [21]
Overfull \hbox (27.92856pt too wide) in paragraph at lines 645--649
\T1/cmr/m/n/12 ther dis-able an-i-ma-tion or ex-per-i-ment with the \T1/cmtt/m/
n/12 -Dsun.java2d.pmoffscreen=false
 []

[22] [23] [24] [25] <images/main_screen.png, id=564, 1184.425pt x 927.465pt>
File: images/main_screen.png Graphic file (type png)

<use images/main_screen.png>
Overfull \hbox (24.55496pt too wide) in paragraph at lines 796--797
 [] 
 []

[26 <./images/main_screen.png (PNG copy)>] [27] [28] [29] [30] [31] [32]
[33] [34] <images/path-foot.png, id=651, 30.1125pt x 30.1125pt>
File: images/path-foot.png Graphic file (type png)

<use images/path-foot.png>
<images/path-horse.png, id=652, 30.1125pt x 30.1125pt>
File: images/path-horse.png Graphic file (type png)

<use images/path-horse.png>
<images/path-wagon.png, id=653, 30.1125pt x 30.1125pt>
File: images/path-wagon.png Graphic file (type png)

<use images/path-wagon.png>
<images/path-naval.png, id=654, 31.11626pt x 30.1125pt>
File: images/path-naval.png Graphic file (type png)

<use images/path-naval.png> [35 <./images/path-foot.png> <./images/path-horse.p
ng> <./images/path-wagon.png> <./images/path-naval.png>] [36] [37]
<images/europe_panel.png, id=676, 1009.7725pt x 708.6475pt>
File: images/europe_panel.png Graphic file (type png)

<use images/europe_panel.png> [38 <./images/europe_panel.png (PNG copy)>]
<images/colony_panel.png, id=684, 998.73125pt x 635.37375pt>
File: images/colony_panel.png Graphic file (type png)

<use images/colony_panel.png> [39] [40 <./images/colony_panel.png (PNG copy)>]
[41] [42] [43] [44

]
Chapter 4.
[45] [46] [47]
Underfull \vbox (badness 7151) has occurred while \output is active []

 [48]
[49]
Overfull \hbox (0.29196pt too wide) in paragraph at lines 1748--1757
[][][]\T1/cmr/m/n/12 Missionaries[][], which may be ei-ther [][]Je-suit Mis-sio
n-ar-ies[][] or or-di-nary colonists
 []

[50] [51] [52

]
Chapter 5.
[53] [54] [55]
Overfull \hbox (4.05373pt too wide) in paragraph at lines 1981--1988
[]\T1/cmr/m/n/12 The [][][]\T1/cmr/bx/n/12 Tobacconist's House\T1/cmr/m/n/12 , 
which can be up-graded to a [][][]\T1/cmr/bx/n/12 Tobacconist's
 []

[56] [57] [58] [59] [60

]
Chapter 6.

Overfull \hbox (14.01875pt too wide) in paragraph at lines 2137--2143
\T1/cmr/m/n/12 and the [][]\T1/cmr/bx/n/12 Netherlands[]\T1/cmr/m/n/12 . FreeCo
l op-tion-ally adds [][]\T1/cmr/bx/n/12 Portugal\T1/cmr/m/n/12 , [][]\T1/cmr/bx
/n/12 Denmark\T1/cmr/m/n/12 , [][]\T1/cmr/bx/n/12 Sweden
 []

[61] [62]
Overfull \hbox (1.85837pt too wide) in paragraph at lines 2239--2243
[]\T1/cmr/m/n/12 If you have enough gold, you can also train colonists at the [
]  Royal Academy.
 []

[63] [64]
Chapter 7.
[65

] [66]
Overfull \hbox (8.03197pt too wide) in paragraph at lines 2413--2419
[]\T1/cmr/m/n/12 While the preach-ers are con-cerned with the spir-i-tual wel-f
are of the colonists,
 []

[67] [68] [69] [70] [71] [72] [73] [74

]
Chapter 8.
File: images/wikipedia.png Graphic file (type png)
<use images/wikipedia.png>
File: images/wikipedia.png Graphic file (type png)
 <use images/wikipedia.png>
File: images/wikipedia.png Graphic file (type png)

<use images/wikipedia.png>
File: images/wikipedia.png Graphic file (type png)
 <use images/wikipedia.png>
File: images/wikipedia.png Graphic file (type png)

<use images/wikipedia.png> [75]
File: images/wikipedia.png Graphic file (type png)
 <use images/wikipedia.png>
File: images/wikipedia.png Graphic file (type png)

<use images/wikipedia.png>
File: images/wikipedia.png Graphic file (type png)
 <use images/wikipedia.png>
Overfull \hbox (3.49275pt too wide) in paragraph at lines 2804--2810
[]\T1/cmr/bx/n/12 Hernando de Soto \T1/cmr/m/n/12 (1496--1542) was the first Eu
-ro-pean to ex-plore Florida
 []

File: images/wikipedia.png Graphic file (type png)
<use images/wikipedia.png>
File: images/wikipedia.png Graphic file (type png)
 <use images/wikipedia.png>
File: images/wikipedia.png Graphic file (type png)

<use images/wikipedia.png>
File: images/wikipedia.png Graphic file (type png)
 <use images/wikipedia.png> [76]
File: images/wikipedia.png Graphic file (type png)

<use images/wikipedia.png>
File: images/wikipedia.png Graphic file (type png)
 <use images/wikipedia.png>
File: images/wikipedia.png Graphic file (type png)

<use images/wikipedia.png>
File: images/wikipedia.png Graphic file (type png)
 <use images/wikipedia.png>
File: images/wikipedia.png Graphic file (type png)

<use images/wikipedia.png>
File: images/wikipedia.png Graphic file (type png)
 <use images/wikipedia.png>
File: images/wikipedia.png Graphic file (type png)

<use images/wikipedia.png> [77]
File: images/wikipedia.png Graphic file (type png)
 <use images/wikipedia.png>
File: images/wikipedia.png Graphic file (type png)

<use images/wikipedia.png>
File: images/wikipedia.png Graphic file (type png)
 <use images/wikipedia.png>
File: images/wikipedia.png Graphic file (type png)

<use images/wikipedia.png>
File: images/wikipedia.png Graphic file (type png)
 <use images/wikipedia.png>
File: images/wikipedia.png Graphic file (type png)

<use images/wikipedia.png> [78]
Chapter 9.
File: images/wikipedia.png Graphic file (type png)
<use images/wikipedia.png>
File: images/wikipedia.png Graphic file (type png)
 <use images/wikipedia.png> [79

] [80]
Chapter 10.
[81

] [82

]
Chapter 11.
(./FreeCol.ind [83] [84

]
Overfull \hbox (5.87671pt too wide) in paragraph at lines 126--127
[]| \T1/cmr/m/n/12 Fran-cisco Vázquez de Coro-n-ado,
 []


Overfull \hbox (0.49538pt too wide) in paragraph at lines 148--149
[]\T1/cmr/m/n/12 Francisco Vázquez de Coro-n-ado, [][]76[][] 
 []

[85] [86] [87] [88] [89

]) (./FreeCol.aux) ) 
Here is how much of TeX's memory you used:
 5179 strings out of 493911
 73833 string characters out of 1155272
 141152 words of memory out of 3000000
 7901 multiletter control sequences out of 15000+50000
 16053 words of font info for 38 fonts, out of 3000000 for 9000
 706 hyphenation exceptions out of 8191
 38i,8n,38p,313b,376s stack positions out of 5000i,500n,10000p,200000b,50000s
 </home/mike/.texmf-var/fonts/pk/ljfour/jknappen/ec/ecti120
0.600pk> </home/mike/.texmf-var/fonts/pk/ljfour/jknappen/ec/ectt1200.600pk> </h
ome/mike/.texmf-var/fonts/pk/ljfour/jknappen/ec/ecbx1440.600pk> </home/mike/.te
xmf-var/fonts/pk/ljfour/jknappen/ec/ecbx1728.600pk> </home/mike/.texmf-var/font
s/pk/ljfour/jknappen/ec/ecsl1200.600pk> </home/mike/.texmf-var/fonts/pk/ljfour/
jknappen/ec/ecbx1200.600pk> </home/mike/.texmf-var/fonts/pk/ljfour/jknappen/ec/
ecbx2488.600pk> </home/mike/.texmf-var/fonts/pk/ljfour/jknappen/ec/ecrm1200.600
pk> </home/mike/.texmf-var/fonts/pk/ljfour/jknappen/ec/ecrm1440.600pk> </home/m
ike/.texmf-var/fonts/pk/ljfour/jknappen/ec/ecrm2074.600pk></usr/share/texmf-tex
live/fonts/type1/public/amsfonts/cm/cmr12.pfb></usr/share/texmf-texlive/fonts/t
ype1/public/amsfonts/cm/cmsy10.pfb>
Output written on FreeCol.pdf (89 pages, 3795987 bytes).
PDF statistics:
 2404 PDF objects out of 2487 (max. 8388607)
 463 named destinations out of 1000 (max. 500000)
 593 words of extra memory for PDF output out of 10000 (max. 10000000)

